# JRE version: Java(TM) SE Runtime Environment (8.0_101-b13) (build 1.8.0_101-b13)
# Java VM: Java HotSpot(TM) 64-Bit Server VM (25.101-b13 mixed mode windows-amd64 compressed oops)
Heap:
 PSYoungGen      total 372224K, used 128K [0x00000000e0000000, 0x0000000100000000, 0x0000000100000000)
  eden space 244224K, 0% used [0x00000000e0000000,0x00000000e0000000,0x00000000eee80000)
  from space 128000K, 0% used [0x00000000f6a00000,0x00000000f6a20000,0x00000000fe700000)
  to   space 126464K, 0% used [0x00000000eee80000,0x00000000eee80000,0x00000000f6a00000)
 ParOldGen       total 682496K, used 653887K [0x00000000a0000000, 0x00000000c9a80000, 0x00000000e0000000)
  object space 682496K, 95% used [0x00000000a0000000,0x00000000c7e8fc80,0x00000000c9a80000)
 Metaspace       used 108817K, capacity 115610K, committed 116628K, reserved 1150976K
  class space    used 13151K, capacity 14251K, committed 14524K, reserved 1048576K
GC Heap History (10 events):
Event: 14902.262 GC heap after
Heap after GC invocations=89 (full 9):
 PSYoungGen      total 360448K, used 111585K [0x00000000e0000000, 0x0000000100000000, 0x0000000100000000)
  eden space 248832K, 0% used [0x00000000e0000000,0x00000000e0000000,0x00000000ef300000)
  from space 111616K, 99% used [0x00000000f9300000,0x00000000ffff84c0,0x0000000100000000)
  to   space 137728K, 0% used [0x00000000ef300000,0x00000000ef300000,0x00000000f7980000)
 ParOldGen       total 682496K, used 534363K [0x00000000a0000000, 0x00000000c9a80000, 0x00000000e0000000)
  object space 682496K, 78% used [0x00000000a0000000,0x00000000c09d6e38,0x00000000c9a80000)
 Metaspace       used 108801K, capacity 115610K, committed 116628K, reserved 1150976K
  class space    used 13151K, capacity 14251K, committed 14524K, reserved 1048576K
}
Event: 14903.274 GC heap before
{Heap before GC invocations=90 (full 9):
 PSYoungGen      total 360448K, used 358491K [0x00000000e0000000, 0x0000000100000000, 0x0000000100000000)
  eden space 248832K, 99% used [0x00000000e0000000,0x00000000ef11eaa8,0x00000000ef300000)
  from space 111616K, 99% used [0x00000000f9300000,0x00000000ffff84c0,0x0000000100000000)
  to   space 137728K, 0% used [0x00000000ef300000,0x00000000ef300000,0x00000000f7980000)
 ParOldGen       total 682496K, used 534363K [0x00000000a0000000, 0x00000000c9a80000, 0x00000000e0000000)
  object space 682496K, 78% used [0x00000000a0000000,0x00000000c09d6e38,0x00000000c9a80000)
 Metaspace       used 108805K, capacity 115610K, committed 116628K, reserved 1150976K
  class space    used 13151K, capacity 14251K, committed 14524K, reserved 1048576K
Event: 14903.329 GC heap after
Heap after GC invocations=90 (full 9):
 PSYoungGen      total 333824K, used 84922K [0x00000000e0000000, 0x0000000100000000, 0x0000000100000000)
  eden space 248832K, 0% used [0x00000000e0000000,0x00000000e0000000,0x00000000ef300000)
  from space 84992K, 99% used [0x00000000ef300000,0x00000000f45eeaa0,0x00000000f4600000)
  to   space 144896K, 0% used [0x00000000f7280000,0x00000000f7280000,0x0000000100000000)
 ParOldGen       total 682496K, used 538415K [0x00000000a0000000, 0x00000000c9a80000, 0x00000000e0000000)
  object space 682496K, 78% used [0x00000000a0000000,0x00000000c0dcbf68,0x00000000c9a80000)
 Metaspace       used 108805K, capacity 115610K, committed 116628K, reserved 1150976K
  class space    used 13151K, capacity 14251K, committed 14524K, reserved 1048576K
}
Event: 14904.057 GC heap before
{Heap before GC invocations=91 (full 9):
 PSYoungGen      total 333824K, used 333754K [0x00000000e0000000, 0x0000000100000000, 0x0000000100000000)
  eden space 248832K, 100% used [0x00000000e0000000,0x00000000ef300000,0x00000000ef300000)
  from space 84992K, 99% used [0x00000000ef300000,0x00000000f45eeaa0,0x00000000f4600000)
  to   space 144896K, 0% used [0x00000000f7280000,0x00000000f7280000,0x0000000100000000)
 ParOldGen       total 682496K, used 538415K [0x00000000a0000000, 0x00000000c9a80000, 0x00000000e0000000)
  object space 682496K, 78% used [0x00000000a0000000,0x00000000c0dcbf68,0x00000000c9a80000)
 Metaspace       used 108806K, capacity 115610K, committed 116628K, reserved 1150976K
  class space    used 13151K, capacity 14251K, committed 14524K, reserved 1048576K
Event: 14904.113 GC heap after
Heap after GC invocations=91 (full 9):
 PSYoungGen      total 387584K, used 31500K [0x00000000e0000000, 0x0000000100000000, 0x0000000100000000)
  eden space 242688K, 0% used [0x00000000e0000000,0x00000000e0000000,0x00000000eed00000)
  from space 144896K, 21% used [0x00000000f7280000,0x00000000f9143378,0x0000000100000000)
  to   space 136704K, 0% used [0x00000000eed00000,0x00000000eed00000,0x00000000f7280000)
 ParOldGen       total 682496K, used 584698K [0x00000000a0000000, 0x00000000c9a80000, 0x00000000e0000000)
  object space 682496K, 85% used [0x00000000a0000000,0x00000000c3afea00,0x00000000c9a80000)
 Metaspace       used 108806K, capacity 115610K, committed 116628K, reserved 1150976K
  class space    used 13151K, capacity 14251K, committed 14524K, reserved 1048576K
}
Event: 14904.333 GC heap before
{Heap before GC invocations=92 (full 9):
 PSYoungGen      total 387584K, used 273696K [0x00000000e0000000, 0x0000000100000000, 0x0000000100000000)
  eden space 242688K, 99% used [0x00000000e0000000,0x00000000eec84eb0,0x00000000eed00000)
  from space 144896K, 21% used [0x00000000f7280000,0x00000000f9143378,0x0000000100000000)
  to   space 136704K, 0% used [0x00000000eed00000,0x00000000eed00000,0x00000000f7280000)
 ParOldGen       total 682496K, used 584698K [0x00000000a0000000, 0x00000000c9a80000, 0x00000000e0000000)
  object space 682496K, 85% used [0x00000000a0000000,0x00000000c3afea00,0x00000000c9a80000)
 Metaspace       used 108817K, capacity 115610K, committed 116628K, reserved 1150976K
  class space    used 13151K, capacity 14251K, committed 14524K, reserved 1048576K
Event: 14904.376 GC heap after
Heap after GC invocations=92 (full 9):
 PSYoungGen      total 286208K, used 43354K [0x00000000e0000000, 0x00000000fe700000, 0x0000000100000000)
  eden space 242688K, 0% used [0x00000000e0000000,0x00000000e0000000,0x00000000eed00000)
  from space 43520K, 99% used [0x00000000eed00000,0x00000000f17569f8,0x00000000f1780000)
  to   space 128000K, 0% used [0x00000000f6a00000,0x00000000f6a00000,0x00000000fe700000)
 ParOldGen       total 682496K, used 615325K [0x00000000a0000000, 0x00000000c9a80000, 0x00000000e0000000)
  object space 682496K, 90% used [0x00000000a0000000,0x00000000c58e75c8,0x00000000c9a80000)
 Metaspace       used 108817K, capacity 115610K, committed 116628K, reserved 1150976K
  class space    used 13151K, capacity 14251K, committed 14524K, reserved 1048576K
}
Event: 14904.407 GC heap before
{Heap before GC invocations=93 (full 9):
 PSYoungGen      total 286208K, used 285677K [0x00000000e0000000, 0x00000000fe700000, 0x0000000100000000)
  eden space 242688K, 99% used [0x00000000e0000000,0x00000000eeca4ac0,0x00000000eed00000)
  from space 43520K, 99% used [0x00000000eed00000,0x00000000f17569f8,0x00000000f1780000)
  to   space 128000K, 0% used [0x00000000f6a00000,0x00000000f6a00000,0x00000000fe700000)
 ParOldGen       total 682496K, used 615325K [0x00000000a0000000, 0x00000000c9a80000, 0x00000000e0000000)
  object space 682496K, 90% used [0x00000000a0000000,0x00000000c58e75c8,0x00000000c9a80000)
 Metaspace       used 108817K, capacity 115610K, committed 116628K, reserved 1150976K
  class space    used 13151K, capacity 14251K, committed 14524K, reserved 1048576K
Event: 14904.419 GC heap after
Heap after GC invocations=93 (full 9):
 PSYoungGen      total 372224K, used 128K [0x00000000e0000000, 0x0000000100000000, 0x0000000100000000)
  eden space 244224K, 0% used [0x00000000e0000000,0x00000000e0000000,0x00000000eee80000)
  from space 128000K, 0% used [0x00000000f6a00000,0x00000000f6a20000,0x00000000fe700000)
  to   space 126464K, 0% used [0x00000000eee80000,0x00000000eee80000,0x00000000f6a00000)
 ParOldGen       total 682496K, used 653887K [0x00000000a0000000, 0x00000000c9a80000, 0x00000000e0000000)
  object space 682496K, 95% used [0x00000000a0000000,0x00000000c7e8fc80,0x00000000c9a80000)
 Metaspace       used 108817K, capacity 115610K, committed 116628K, reserved 1150976K
  class space    used 13151K, capacity 14251K, committed 14524K, reserved 1048576K
}
Event: 14904.419 GC heap before
{Heap before GC invocations=94 (full 10):
 PSYoungGen      total 372224K, used 128K [0x00000000e0000000, 0x0000000100000000, 0x0000000100000000)
  eden space 244224K, 0% used [0x00000000e0000000,0x00000000e0000000,0x00000000eee80000)
  from space 128000K, 0% used [0x00000000f6a00000,0x00000000f6a20000,0x00000000fe700000)
  to   space 126464K, 0% used [0x00000000eee80000,0x00000000eee80000,0x00000000f6a00000)
 ParOldGen       total 682496K, used 653887K [0x00000000a0000000, 0x00000000c9a80000, 0x00000000e0000000)
  object space 682496K, 95% used [0x00000000a0000000,0x00000000c7e8fc80,0x00000000c9a80000)
 Metaspace       used 108817K, capacity 115610K, committed 116628K, reserved 1150976K
  class space    used 13151K, capacity 14251K, committed 14524K, reserved 1048576K

