# JRE version: Java(TM) SE Runtime Environment (8.0_101-b13) (build 1.8.0_101-b13)
# Java VM: Java HotSpot(TM) 64-Bit Server VM (25.101-b13 mixed mode windows-amd64 compressed oops)
Heap:
 PSYoungGen      total 412160K, used 59825K [0x00000000e0000000, 0x0000000100000000, 0x0000000100000000)
  eden space 352256K, 0% used [0x00000000e0000000,0x00000000e0000000,0x00000000f5800000)
  from space 59904K, 99% used [0x00000000f5800000,0x00000000f926c4b0,0x00000000f9280000)
  to   space 89088K, 0% used [0x00000000fa900000,0x00000000fa900000,0x0000000100000000)
 ParOldGen       total 378880K, used 375804K [0x00000000a0000000, 0x00000000b7200000, 0x00000000e0000000)
  object space 378880K, 99% used [0x00000000a0000000,0x00000000b6eff0d8,0x00000000b7200000)
 Metaspace       used 85907K, capacity 93567K, committed 94936K, reserved 1132544K
  class space    used 10768K, capacity 11638K, committed 12032K, reserved 1048576K
GC Heap History (10 events):
Event: 15622.728 GC heap after
Heap after GC invocations=233 (full 26):
 PSYoungGen      total 435712K, used 8176K [0x00000000e0000000, 0x00000000ffb00000, 0x0000000100000000)
  eden space 352256K, 0% used [0x00000000e0000000,0x00000000e0000000,0x00000000f5800000)
  from space 83456K, 9% used [0x00000000f5800000,0x00000000f5ffc010,0x00000000fa980000)
  to   space 83456K, 0% used [0x00000000fa980000,0x00000000fa980000,0x00000000ffb00000)
 ParOldGen       total 378880K, used 297687K [0x00000000a0000000, 0x00000000b7200000, 0x00000000e0000000)
  object space 378880K, 78% used [0x00000000a0000000,0x00000000b22b5ec8,0x00000000b7200000)
 Metaspace       used 85734K, capacity 93241K, committed 94680K, reserved 1132544K
  class space    used 10744K, capacity 11601K, committed 12032K, reserved 1048576K
}
Event: 15856.337 GC heap before
{Heap before GC invocations=234 (full 26):
 PSYoungGen      total 435712K, used 360432K [0x00000000e0000000, 0x00000000ffb00000, 0x0000000100000000)
  eden space 352256K, 100% used [0x00000000e0000000,0x00000000f5800000,0x00000000f5800000)
  from space 83456K, 9% used [0x00000000f5800000,0x00000000f5ffc010,0x00000000fa980000)
  to   space 83456K, 0% used [0x00000000fa980000,0x00000000fa980000,0x00000000ffb00000)
 ParOldGen       total 378880K, used 297687K [0x00000000a0000000, 0x00000000b7200000, 0x00000000e0000000)
  object space 378880K, 78% used [0x00000000a0000000,0x00000000b22b5ec8,0x00000000b7200000)
 Metaspace       used 85841K, capacity 93411K, committed 94936K, reserved 1132544K
  class space    used 10753K, capacity 11612K, committed 12032K, reserved 1048576K
Event: 15856.346 GC heap after
Heap after GC invocations=234 (full 26):
 PSYoungGen      total 437760K, used 12267K [0x00000000e0000000, 0x00000000ffc00000, 0x0000000100000000)
  eden space 354304K, 0% used [0x00000000e0000000,0x00000000e0000000,0x00000000f5a00000)
  from space 83456K, 14% used [0x00000000fa980000,0x00000000fb57ad68,0x00000000ffb00000)
  to   space 81408K, 0% used [0x00000000f5a00000,0x00000000f5a00000,0x00000000fa980000)
 ParOldGen       total 378880K, used 297695K [0x00000000a0000000, 0x00000000b7200000, 0x00000000e0000000)
  object space 378880K, 78% used [0x00000000a0000000,0x00000000b22b7ec8,0x00000000b7200000)
 Metaspace       used 85841K, capacity 93411K, committed 94936K, reserved 1132544K
  class space    used 10753K, capacity 11612K, committed 12032K, reserved 1048576K
}
Event: 15858.506 GC heap before
{Heap before GC invocations=235 (full 26):
 PSYoungGen      total 437760K, used 366571K [0x00000000e0000000, 0x00000000ffc00000, 0x0000000100000000)
  eden space 354304K, 100% used [0x00000000e0000000,0x00000000f5a00000,0x00000000f5a00000)
  from space 83456K, 14% used [0x00000000fa980000,0x00000000fb57ad68,0x00000000ffb00000)
  to   space 81408K, 0% used [0x00000000f5a00000,0x00000000f5a00000,0x00000000fa980000)
 ParOldGen       total 378880K, used 297695K [0x00000000a0000000, 0x00000000b7200000, 0x00000000e0000000)
  object space 378880K, 78% used [0x00000000a0000000,0x00000000b22b7ec8,0x00000000b7200000)
 Metaspace       used 85900K, capacity 93567K, committed 94936K, reserved 1132544K
  class space    used 10768K, capacity 11638K, committed 12032K, reserved 1048576K
Event: 15858.532 GC heap after
Heap after GC invocations=235 (full 26):
 PSYoungGen      total 435712K, used 25213K [0x00000000e0000000, 0x00000000ff600000, 0x0000000100000000)
  eden space 354304K, 0% used [0x00000000e0000000,0x00000000e0000000,0x00000000f5a00000)
  from space 81408K, 30% used [0x00000000f5a00000,0x00000000f729f5c0,0x00000000fa980000)
  to   space 77312K, 0% used [0x00000000faa80000,0x00000000faa80000,0x00000000ff600000)
 ParOldGen       total 378880K, used 306793K [0x00000000a0000000, 0x00000000b7200000, 0x00000000e0000000)
  object space 378880K, 80% used [0x00000000a0000000,0x00000000b2b9a678,0x00000000b7200000)
 Metaspace       used 85900K, capacity 93567K, committed 94936K, reserved 1132544K
  class space    used 10768K, capacity 11638K, committed 12032K, reserved 1048576K
}
Event: 15858.846 GC heap before
{Heap before GC invocations=236 (full 26):
 PSYoungGen      total 435712K, used 379517K [0x00000000e0000000, 0x00000000ff600000, 0x0000000100000000)
  eden space 354304K, 100% used [0x00000000e0000000,0x00000000f5a00000,0x00000000f5a00000)
  from space 81408K, 30% used [0x00000000f5a00000,0x00000000f729f5c0,0x00000000fa980000)
  to   space 77312K, 0% used [0x00000000faa80000,0x00000000faa80000,0x00000000ff600000)
 ParOldGen       total 378880K, used 306793K [0x00000000a0000000, 0x00000000b7200000, 0x00000000e0000000)
  object space 378880K, 80% used [0x00000000a0000000,0x00000000b2b9a678,0x00000000b7200000)
 Metaspace       used 85907K, capacity 93567K, committed 94936K, reserved 1132544K
  class space    used 10768K, capacity 11638K, committed 12032K, reserved 1048576K
Event: 15858.899 GC heap after
Heap after GC invocations=236 (full 26):
 PSYoungGen      total 429568K, used 61664K [0x00000000e0000000, 0x0000000100000000, 0x0000000100000000)
  eden space 352256K, 0% used [0x00000000e0000000,0x00000000e0000000,0x00000000f5800000)
  from space 77312K, 79% used [0x00000000faa80000,0x00000000fe6b8398,0x00000000ff600000)
  to   space 84480K, 0% used [0x00000000f5800000,0x00000000f5800000,0x00000000faa80000)
 ParOldGen       total 378880K, used 314538K [0x00000000a0000000, 0x00000000b7200000, 0x00000000e0000000)
  object space 378880K, 83% used [0x00000000a0000000,0x00000000b332a828,0x00000000b7200000)
 Metaspace       used 85907K, capacity 93567K, committed 94936K, reserved 1132544K
  class space    used 10768K, capacity 11638K, committed 12032K, reserved 1048576K
}
Event: 15859.074 GC heap before
{Heap before GC invocations=237 (full 26):
 PSYoungGen      total 429568K, used 413920K [0x00000000e0000000, 0x0000000100000000, 0x0000000100000000)
  eden space 352256K, 100% used [0x00000000e0000000,0x00000000f5800000,0x00000000f5800000)
  from space 77312K, 79% used [0x00000000faa80000,0x00000000fe6b8398,0x00000000ff600000)
  to   space 84480K, 0% used [0x00000000f5800000,0x00000000f5800000,0x00000000faa80000)
 ParOldGen       total 378880K, used 314538K [0x00000000a0000000, 0x00000000b7200000, 0x00000000e0000000)
  object space 378880K, 83% used [0x00000000a0000000,0x00000000b332a828,0x00000000b7200000)
 Metaspace       used 85907K, capacity 93567K, committed 94936K, reserved 1132544K
  class space    used 10768K, capacity 11638K, committed 12032K, reserved 1048576K
Event: 15859.154 GC heap after
Heap after GC invocations=237 (full 26):
 PSYoungGen      total 412160K, used 59825K [0x00000000e0000000, 0x0000000100000000, 0x0000000100000000)
  eden space 352256K, 0% used [0x00000000e0000000,0x00000000e0000000,0x00000000f5800000)
  from space 59904K, 99% used [0x00000000f5800000,0x00000000f926c4b0,0x00000000f9280000)
  to   space 89088K, 0% used [0x00000000fa900000,0x00000000fa900000,0x0000000100000000)
 ParOldGen       total 378880K, used 375804K [0x00000000a0000000, 0x00000000b7200000, 0x00000000e0000000)
  object space 378880K, 99% used [0x00000000a0000000,0x00000000b6eff0d8,0x00000000b7200000)
 Metaspace       used 85907K, capacity 93567K, committed 94936K, reserved 1132544K
  class space    used 10768K, capacity 11638K, committed 12032K, reserved 1048576K
}
Event: 15859.154 GC heap before
{Heap before GC invocations=238 (full 27):
 PSYoungGen      total 412160K, used 59825K [0x00000000e0000000, 0x0000000100000000, 0x0000000100000000)
  eden space 352256K, 0% used [0x00000000e0000000,0x00000000e0000000,0x00000000f5800000)
  from space 59904K, 99% used [0x00000000f5800000,0x00000000f926c4b0,0x00000000f9280000)
  to   space 89088K, 0% used [0x00000000fa900000,0x00000000fa900000,0x0000000100000000)
 ParOldGen       total 378880K, used 375804K [0x00000000a0000000, 0x00000000b7200000, 0x00000000e0000000)
  object space 378880K, 99% used [0x00000000a0000000,0x00000000b6eff0d8,0x00000000b7200000)
 Metaspace       used 85907K, capacity 93567K, committed 94936K, reserved 1132544K
  class space    used 10768K, capacity 11638K, committed 12032K, reserved 1048576K

