# JRE version: OpenJDK Runtime Environment (8.0_112-b06) (build 1.8.0_112-release-b06)
# Java VM: OpenJDK 64-Bit Server VM (25.112-b06 mixed mode windows-amd64 compressed oops)
Heap:
 PSYoungGen      total 1198592K, used 202215K [0x0000000760000000, 0x00000007c0000000, 0x00000007c0000000)
  eden space 996352K, 0% used [0x0000000760000000,0x0000000760000000,0x000000079cd00000)
  from space 202240K, 99% used [0x00000007b3a80000,0x00000007bfff9d50,0x00000007c0000000)
  to   space 288256K, 0% used [0x000000079cd00000,0x000000079cd00000,0x00000007ae680000)
 ParOldGen       total 1020928K, used 881856K [0x00000006a0000000, 0x00000006de500000, 0x0000000760000000)
  object space 1020928K, 86% used [0x00000006a0000000,0x00000006d5d30148,0x00000006de500000)
 Metaspace       used 79442K, capacity 84470K, committed 84756K, reserved 1122304K
  class space    used 10012K, capacity 10906K, committed 11028K, reserved 1048576K
GC Heap History (10 events):
Event: 1780.251 GC heap after
Heap after GC invocations=37 (full 5):
 PSYoungGen      total 1240576K, used 121404K [0x0000000760000000, 0x00000007b7d80000, 0x00000007c0000000)
  eden space 1079296K, 0% used [0x0000000760000000,0x0000000760000000,0x00000007a1e00000)
  from space 161280K, 75% used [0x00000007ac480000,0x00000007b3b0f370,0x00000007b6200000)
  to   space 170496K, 0% used [0x00000007a1e00000,0x00000007a1e00000,0x00000007ac480000)
 ParOldGen       total 1020928K, used 698457K [0x00000006a0000000, 0x00000006de500000, 0x0000000760000000)
  object space 1020928K, 68% used [0x00000006a0000000,0x00000006caa165e0,0x00000006de500000)
 Metaspace       used 77381K, capacity 82182K, committed 82452K, reserved 1120256K
  class space    used 9786K, capacity 10674K, committed 10772K, reserved 1048576K
}
Event: 1783.508 GC heap before
{Heap before GC invocations=38 (full 5):
 PSYoungGen      total 1240576K, used 1197922K [0x0000000760000000, 0x00000007b7d80000, 0x00000007c0000000)
  eden space 1079296K, 99% used [0x0000000760000000,0x00000007a1b49570,0x00000007a1e00000)
  from space 161280K, 75% used [0x00000007ac480000,0x00000007b3b0f370,0x00000007b6200000)
  to   space 170496K, 0% used [0x00000007a1e00000,0x00000007a1e00000,0x00000007ac480000)
 ParOldGen       total 1020928K, used 698457K [0x00000006a0000000, 0x00000006de500000, 0x0000000760000000)
  object space 1020928K, 68% used [0x00000006a0000000,0x00000006caa165e0,0x00000006de500000)
 Metaspace       used 77930K, capacity 82728K, committed 82964K, reserved 1122304K
  class space    used 9832K, capacity 10751K, committed 10772K, reserved 1048576K
Event: 1783.603 GC heap after
Heap after GC invocations=38 (full 5):
 PSYoungGen      total 1249792K, used 93318K [0x0000000760000000, 0x00000007be100000, 0x00000007c0000000)
  eden space 1079296K, 0% used [0x0000000760000000,0x0000000760000000,0x00000007a1e00000)
  from space 170496K, 54% used [0x00000007a1e00000,0x00000007a7921b78,0x00000007ac480000)
  to   space 166912K, 0% used [0x00000007b3e00000,0x00000007b3e00000,0x00000007be100000)
 ParOldGen       total 1020928K, used 741289K [0x00000006a0000000, 0x00000006de500000, 0x0000000760000000)
  object space 1020928K, 72% used [0x00000006a0000000,0x00000006cd3ea6e0,0x00000006de500000)
 Metaspace       used 77930K, capacity 82728K, committed 82964K, reserved 1122304K
  class space    used 9832K, capacity 10751K, committed 10772K, reserved 1048576K
}
Event: 9394.469 GC heap before
{Heap before GC invocations=39 (full 5):
 PSYoungGen      total 1249792K, used 1172614K [0x0000000760000000, 0x00000007be100000, 0x00000007c0000000)
  eden space 1079296K, 100% used [0x0000000760000000,0x00000007a1e00000,0x00000007a1e00000)
  from space 170496K, 54% used [0x00000007a1e00000,0x00000007a7921b78,0x00000007ac480000)
  to   space 166912K, 0% used [0x00000007b3e00000,0x00000007b3e00000,0x00000007be100000)
 ParOldGen       total 1020928K, used 741289K [0x00000006a0000000, 0x00000006de500000, 0x0000000760000000)
  object space 1020928K, 72% used [0x00000006a0000000,0x00000006cd3ea6e0,0x00000006de500000)
 Metaspace       used 79343K, capacity 84318K, committed 84500K, reserved 1122304K
  class space    used 10010K, capacity 10902K, committed 11028K, reserved 1048576K
Event: 9394.574 GC heap after
Heap after GC invocations=39 (full 5):
 PSYoungGen      total 1355264K, used 144062K [0x0000000760000000, 0x00000007bec80000, 0x00000007c0000000)
  eden space 1188352K, 0% used [0x0000000760000000,0x0000000760000000,0x00000007a8880000)
  from space 166912K, 86% used [0x00000007b3e00000,0x00000007bcaaf8d8,0x00000007be100000)
  to   space 182272K, 0% used [0x00000007a8880000,0x00000007a8880000,0x00000007b3a80000)
 ParOldGen       total 1020928K, used 741297K [0x00000006a0000000, 0x00000006de500000, 0x0000000760000000)
  object space 1020928K, 72% used [0x00000006a0000000,0x00000006cd3ec6e0,0x00000006de500000)
 Metaspace       used 79343K, capacity 84318K, committed 84500K, reserved 1122304K
  class space    used 10010K, capacity 10902K, committed 11028K, reserved 1048576K
}
Event: 9398.363 GC heap before
{Heap before GC invocations=40 (full 5):
 PSYoungGen      total 1355264K, used 1332414K [0x0000000760000000, 0x00000007bec80000, 0x00000007c0000000)
  eden space 1188352K, 100% used [0x0000000760000000,0x00000007a8880000,0x00000007a8880000)
  from space 166912K, 86% used [0x00000007b3e00000,0x00000007bcaaf8d8,0x00000007be100000)
  to   space 182272K, 0% used [0x00000007a8880000,0x00000007a8880000,0x00000007b3a80000)
 ParOldGen       total 1020928K, used 741297K [0x00000006a0000000, 0x00000006de500000, 0x0000000760000000)
  object space 1020928K, 72% used [0x00000006a0000000,0x00000006cd3ec6e0,0x00000006de500000)
 Metaspace       used 79442K, capacity 84470K, committed 84756K, reserved 1122304K
  class space    used 10012K, capacity 10906K, committed 11028K, reserved 1048576K
Event: 9398.464 GC heap after
Heap after GC invocations=40 (full 5):
 PSYoungGen      total 1370624K, used 182247K [0x0000000760000000, 0x00000007c0000000, 0x00000007c0000000)
  eden space 1188352K, 0% used [0x0000000760000000,0x0000000760000000,0x00000007a8880000)
  from space 182272K, 99% used [0x00000007a8880000,0x00000007b3a79d90,0x00000007b3a80000)
  to   space 202240K, 0% used [0x00000007b3a80000,0x00000007b3a80000,0x00000007c0000000)
 ParOldGen       total 1020928K, used 742361K [0x00000006a0000000, 0x00000006de500000, 0x0000000760000000)
  object space 1020928K, 72% used [0x00000006a0000000,0x00000006cd4f66e0,0x00000006de500000)
 Metaspace       used 79442K, capacity 84470K, committed 84756K, reserved 1122304K
  class space    used 10012K, capacity 10906K, committed 11028K, reserved 1048576K
}
Event: 9399.763 GC heap before
{Heap before GC invocations=41 (full 5):
 PSYoungGen      total 1370624K, used 1370599K [0x0000000760000000, 0x00000007c0000000, 0x00000007c0000000)
  eden space 1188352K, 100% used [0x0000000760000000,0x00000007a8880000,0x00000007a8880000)
  from space 182272K, 99% used [0x00000007a8880000,0x00000007b3a79d90,0x00000007b3a80000)
  to   space 202240K, 0% used [0x00000007b3a80000,0x00000007b3a80000,0x00000007c0000000)
 ParOldGen       total 1020928K, used 742361K [0x00000006a0000000, 0x00000006de500000, 0x0000000760000000)
  object space 1020928K, 72% used [0x00000006a0000000,0x00000006cd4f66e0,0x00000006de500000)
 Metaspace       used 79442K, capacity 84470K, committed 84756K, reserved 1122304K
  class space    used 10012K, capacity 10906K, committed 11028K, reserved 1048576K
Event: 9399.946 GC heap after
Heap after GC invocations=41 (full 5):
 PSYoungGen      total 1198592K, used 202215K [0x0000000760000000, 0x00000007c0000000, 0x00000007c0000000)
  eden space 996352K, 0% used [0x0000000760000000,0x0000000760000000,0x000000079cd00000)
  from space 202240K, 99% used [0x00000007b3a80000,0x00000007bfff9d50,0x00000007c0000000)
  to   space 288256K, 0% used [0x000000079cd00000,0x000000079cd00000,0x00000007ae680000)
 ParOldGen       total 1020928K, used 881856K [0x00000006a0000000, 0x00000006de500000, 0x0000000760000000)
  object space 1020928K, 86% used [0x00000006a0000000,0x00000006d5d30148,0x00000006de500000)
 Metaspace       used 79442K, capacity 84470K, committed 84756K, reserved 1122304K
  class space    used 10012K, capacity 10906K, committed 11028K, reserved 1048576K
}
Event: 9399.946 GC heap before
{Heap before GC invocations=42 (full 6):
 PSYoungGen      total 1198592K, used 202215K [0x0000000760000000, 0x00000007c0000000, 0x00000007c0000000)
  eden space 996352K, 0% used [0x0000000760000000,0x0000000760000000,0x000000079cd00000)
  from space 202240K, 99% used [0x00000007b3a80000,0x00000007bfff9d50,0x00000007c0000000)
  to   space 288256K, 0% used [0x000000079cd00000,0x000000079cd00000,0x00000007ae680000)
 ParOldGen       total 1020928K, used 881856K [0x00000006a0000000, 0x00000006de500000, 0x0000000760000000)
  object space 1020928K, 86% used [0x00000006a0000000,0x00000006d5d30148,0x00000006de500000)
 Metaspace       used 79442K, capacity 84470K, committed 84756K, reserved 1122304K
  class space    used 10012K, capacity 10906K, committed 11028K, reserved 1048576K

